2026-03-23T11:13:14 WARNING flexyboard_camera.app.end_turn_controller :: No valid response command available for inferred move
2026-03-23T11:13:27 INFO flexyboard_camera.comms.stm32_client :: Connected to mock STM32 transport
2026-03-23T11:13:27 INFO flexyboard_camera.comms.stm32_client :: Sending packet seq=1 type=HOME attempt=1
2026-03-23T11:13:27 INFO flexyboard_camera.comms.stm32_client :: Sending packet seq=2 type=EXECUTE_MOVE attempt=1
2026-03-23T11:13:27 INFO flexyboard_camera.app.end_turn_controller :: End-turn cycle completed in 65.8 ms
2026-03-29T00:42:20 INFO flexyboard_camera.vision.piece_classifier :: Piece classifier disabled; using stub backend
2026-03-29T00:42:20 INFO flexyboard_camera.vision.piece_classifier :: Piece classifier disabled; using stub backend
2026-03-29T00:42:20 INFO flexyboard_camera.app.end_turn_controller :: Calibration saved to configs/calibration.json
2026-03-29T00:52:51 INFO flexyboard_camera.vision.piece_classifier :: Piece classifier disabled; using stub backend
2026-03-29T00:52:51 INFO flexyboard_camera.app.end_turn_controller :: Auto board detection applied: diff restricted to chessboard warp (768x768).
2026-03-29T00:53:51 INFO flexyboard_camera.vision.piece_classifier :: Piece classifier disabled; using stub backend
2026-03-29T00:53:52 INFO flexyboard_camera.app.end_turn_controller :: Auto board detection applied: diff restricted to chessboard warp (768x768).
2026-03-29T18:13:09 INFO flexyboard_camera.vision.piece_classifier :: Piece classifier disabled; using stub backend
2026-03-29T18:13:09 INFO flexyboard_camera.camera.camera_manager :: Opening camera index=0
2026-03-29T18:13:10 INFO flexyboard_camera.camera.camera_manager :: Captured frame on attempt 1
2026-03-29T18:13:10 INFO flexyboard_camera.app.end_turn_controller :: Captured before-frame at debug_output/before_latest.png
2026-03-29T21:58:05 INFO flexyboard_camera.vision.piece_classifier :: Piece classifier disabled; using stub backend
2026-03-29T21:58:05 INFO flexyboard_camera.camera.camera_manager :: Opening camera index=0
2026-03-29T21:58:06 INFO flexyboard_camera.camera.camera_manager :: Captured frame on attempt 1
2026-03-29T21:58:06 INFO flexyboard_camera.app.end_turn_controller :: Captured before-frame at debug_output/before_latest.png
2026-03-29T21:58:06 INFO flexyboard_camera.camera.camera_manager :: Opening camera index=0
2026-03-29T21:58:07 INFO flexyboard_camera.camera.camera_manager :: Captured frame on attempt 1
2026-03-29T21:58:07 INFO flexyboard_camera.app.end_turn_controller :: Captured after-frame at debug_output/after_latest.png
2026-04-01T09:59:51 INFO flexyboard_camera.vision.piece_classifier :: Piece classifier disabled; using stub backend
2026-04-01T09:59:51 INFO flexyboard_camera.camera.camera_manager :: Opening camera index=0
2026-04-01T09:59:52 INFO flexyboard_camera.camera.camera_manager :: Captured frame on attempt 1
2026-04-01T09:59:52 INFO flexyboard_camera.app.end_turn_controller :: Captured before-frame at debug_output/before_latest.png
2026-04-01T10:00:54 INFO flexyboard_camera.vision.piece_classifier :: Piece classifier disabled; using stub backend
2026-04-01T10:00:54 INFO flexyboard_camera.camera.camera_manager :: Opening camera index=0
2026-04-01T10:00:55 INFO flexyboard_camera.camera.camera_manager :: Captured frame on attempt 1
2026-04-01T10:00:55 INFO flexyboard_camera.app.end_turn_controller :: Captured before-frame at debug_output/before_latest.png
2026-04-01T10:01:28 INFO flexyboard_camera.vision.piece_classifier :: Piece classifier disabled; using stub backend
2026-04-01T10:01:28 INFO flexyboard_camera.camera.camera_manager :: Opening camera index=0
2026-04-01T10:01:29 INFO flexyboard_camera.camera.camera_manager :: Captured frame on attempt 1
2026-04-01T10:01:29 INFO flexyboard_camera.app.end_turn_controller :: Captured before-frame at debug_output/before_latest.png
2026-04-01T10:01:40 INFO flexyboard_camera.camera.camera_manager :: Opening camera index=0
2026-04-01T10:01:40 INFO flexyboard_camera.camera.camera_manager :: Captured frame on attempt 1
2026-04-01T10:01:40 INFO flexyboard_camera.app.end_turn_controller :: Captured after-frame at debug_output/after_latest.png
2026-04-01T10:02:11 INFO flexyboard_camera.vision.piece_classifier :: Piece classifier disabled; using stub backend
2026-04-01T10:02:11 INFO flexyboard_camera.camera.camera_manager :: Opening camera index=0
2026-04-01T10:02:12 INFO flexyboard_camera.camera.camera_manager :: Captured frame on attempt 1
2026-04-01T10:02:12 INFO flexyboard_camera.app.end_turn_controller :: Captured before-frame at debug_output/before_latest.png
2026-04-01T10:02:13 INFO flexyboard_camera.camera.camera_manager :: Opening camera index=0
2026-04-01T10:02:14 INFO flexyboard_camera.camera.camera_manager :: Captured frame on attempt 1
2026-04-01T10:02:14 INFO flexyboard_camera.app.end_turn_controller :: Captured after-frame at debug_output/after_latest.png
