[Bridge] Runtime log: /home/pi/FlexyBoard-Camera/debug_output/Games/Game1/bridge_runtime_20260429_205039.log
[Bridge] Analysis thresholds: diff_threshold=30 min_changed_ratio=0.2 min_significant_changes=2 max_significant_changes=12 max_resolved_score=20.0
[Bridge] Stateful resolver initialized: True
[Bridge] Game debug folder: /home/pi/FlexyBoard-Camera/debug_output/Games/Game1
[Bridge] Listening for Software-GUI on 0.0.0.0:8765
[Bridge] Start Software-GUI now; it should connect as TCP client.
[Bridge] Software-GUI connected from 172.20.10.7:64830
[Bridge] Make sure the physical board matches the software state, then press Enter to capture INITIAL reference...[Bridge] Initial reference capture completed in 6.572s
[Bridge] Initial reference captured: /home/pi/FlexyBoard-Camera/debug_output/Games/Game1/initial_reference.png
[Bridge] Building live session geometry from initial reference...
[Bridge] Startup geometry baseline load+preview completed in 0.310s
[Bridge] Live session geometry saved: /home/pi/FlexyBoard-Camera/debug_output/live_session_geometry.json
[Bridge] Startup auto-geometry completed in 0.311s
[Bridge] Startup grid preview: /home/pi/FlexyBoard-Camera/debug_output/Games/Game1/auto_startup_grid_overlay.png
[Bridge] Sent startup grid preview to Software-GUI; waiting for Confirm...
[Bridge] Ignoring message while waiting for geometry confirmation: set_game
[Bridge] Startup grid confirmed.
[Bridge] Auto startup geometry saved for game: /home/pi/FlexyBoard-Camera/debug_output/Games/Game1/corners_info.json
[Bridge] Accepted auto geometry archive saved: /home/pi/FlexyBoard-Camera/configs/all_manual/game18_corners.json
[Bridge] Auto startup geometry baseline saved: /home/pi/FlexyBoard-Camera/configs/corners_info.json
[Bridge] Auto startup preview archived: /home/pi/FlexyBoard-Camera/debug_output/Games/Game1/auto_startup_grid_overlay.png
[Bridge] Locked session geometry for this game: /home/pi/FlexyBoard-Camera/debug_output/Games/Game1/corners_info.json

[Bridge] Turn 1: make Player 1 move, then press Enter to capture current board... Traceback (most recent call last):
  File "/home/pi/FlexyBoard-Camera/scripts/run_pi_software_bridge.py", line 2399, in <module>
    raise SystemExit(main())
                     ~~~~^^
  File "/home/pi/FlexyBoard-Camera/scripts/run_pi_software_bridge.py", line 2380, in main
    _serve_client(
    ~~~~~~~~~~~~~^
        args,
        ^^^^^
    ...<5 lines>...
        game_debug_dir,
        ^^^^^^^^^^^^^^^
    )
    ^
  File "/home/pi/FlexyBoard-Camera/scripts/run_pi_software_bridge.py", line 1951, in _serve_client
    analysis_wrap = _capture_and_analyze_rolling(
        controller=controller,
    ...<7 lines>...
        runtime_state=runtime_state,
    )
  File "/home/pi/FlexyBoard-Camera/scripts/run_pi_software_bridge.py", line 1180, in _capture_and_analyze_rolling
    action = _prompt_rolling_turn_action(
        args,
    ...<2 lines>...
        runtime_state=runtime_state,
    )
  File "/home/pi/FlexyBoard-Camera/scripts/run_pi_software_bridge.py", line 671, in _prompt_rolling_turn_action
    raw = _read_terminal_prompt_with_runtime_control(prompt, runtime_state=runtime_state)
  File "/home/pi/FlexyBoard-Camera/scripts/run_pi_software_bridge.py", line 641, in _read_terminal_prompt_with_runtime_control
    ready, _, _ = select.select([sys.stdin], [], [], 0.2)
                  ~~~~~~~~~~~~~^^^^^^^^^^^^^^^^^^^^^^^^^^
KeyboardInterrupt
